2025-03-28 23:06:47,894 - INFO - Current script path: d:\Projects\RL_course\homework1\train.py
2025-03-28 23:06:47,894 - INFO - Starting training with config: {'env': {'name': 'Pendulum', 'm': 0.055, 'g': 9.81, 'l': 0.042, 'J': 0.000191, 'b': 3e-06, 'K': 0.0536, 'R': 9.5, 'max_voltage': 3, 'max_speed': 47.12388980384689, 'Ts': 0.005, 'max_steps': 500, 'initial_act_interval': 20, 'act_interval_decay': 0.98, 'final_act_interval': 1}, 'agent': {'name': 'DQN', 'gamma': 0.98, 'epsilon': 0.9, 'epsilon_decay': 0.9, 'epsilon_decay_steps': 1, 'epsilon_min': 0.0001, 'learning_rate': 0.001, 'learning_rate_decay': 0.95, 'learning_rate_decay_steps': 10, 'learning_rate_min': 5e-06, 'input_dim': 2, 'output_dim': 3, 'hidden_dims': [128, 128], 'target_update_interval': 20, 'device': 'cuda', 'actions': [-3, 0, 3]}, 'training': {'seed': 1, 'num_episodes': 200, 'batch_size': 4096, 'min_buffer_size': 10240, 'buffer_size': 102400, 'train_interval_steps': 10, 'save_interval': 50, 'log_interval': 1, 'checkpoint_path': './checkpoints', 'log_path': './logs'}}
2025-03-28 23:06:48,620 - INFO - Checkpoint save path: D:\Projects\RL_course\homework1\checkpoints\Pendulum_DQN_20250328_230648
2025-03-28 23:06:48,620 - INFO - Training started.
2025-03-28 23:06:48,698 - INFO - Episode 1/200: Total Reward: -12.8111, Avg Loss: 0.0000, Epsilon: 0.9000, Lr: 0.001000, Act Interval: 20
2025-03-28 23:06:48,708 - INFO - Episode 2/200: Total Reward: -0.3925, Avg Loss: 0.0000, Epsilon: 0.8100, Lr: 0.001000, Act Interval: 20
2025-03-28 23:06:48,720 - INFO - Episode 3/200: Total Reward: -20.8115, Avg Loss: 0.0000, Epsilon: 0.7290, Lr: 0.001000, Act Interval: 19
2025-03-28 23:06:48,730 - INFO - Episode 4/200: Total Reward: -28.3669, Avg Loss: 0.0000, Epsilon: 0.6561, Lr: 0.001000, Act Interval: 19
2025-03-28 23:06:48,741 - INFO - Episode 5/200: Total Reward: -15.0148, Avg Loss: 0.0000, Epsilon: 0.5905, Lr: 0.001000, Act Interval: 18
2025-03-28 23:06:48,751 - INFO - Episode 6/200: Total Reward: -31.0400, Avg Loss: 0.0000, Epsilon: 0.5314, Lr: 0.001000, Act Interval: 18
2025-03-28 23:06:48,761 - INFO - Episode 7/200: Total Reward: -28.8629, Avg Loss: 0.0000, Epsilon: 0.4783, Lr: 0.001000, Act Interval: 18
2025-03-28 23:06:48,772 - INFO - Episode 8/200: Total Reward: -31.4096, Avg Loss: 0.0000, Epsilon: 0.4305, Lr: 0.001000, Act Interval: 17
2025-03-28 23:06:48,783 - INFO - Episode 9/200: Total Reward: -34.1656, Avg Loss: 0.0000, Epsilon: 0.3874, Lr: 0.001000, Act Interval: 17
2025-03-28 23:06:48,793 - INFO - Episode 10/200: Total Reward: -34.0592, Avg Loss: 0.0000, Epsilon: 0.3487, Lr: 0.001000, Act Interval: 17
2025-03-28 23:06:48,806 - INFO - Episode 11/200: Total Reward: -25.8217, Avg Loss: 0.0000, Epsilon: 0.3138, Lr: 0.000950, Act Interval: 16
2025-03-28 23:06:48,815 - INFO - Episode 12/200: Total Reward: -24.5244, Avg Loss: 0.0000, Epsilon: 0.2824, Lr: 0.000950, Act Interval: 16
2025-03-28 23:06:48,828 - INFO - Episode 13/200: Total Reward: -34.0200, Avg Loss: 0.0000, Epsilon: 0.2542, Lr: 0.000950, Act Interval: 16
2025-03-28 23:06:48,839 - INFO - Episode 14/200: Total Reward: -36.5274, Avg Loss: 0.0000, Epsilon: 0.2288, Lr: 0.000950, Act Interval: 15
2025-03-28 23:06:48,851 - INFO - Episode 15/200: Total Reward: -30.5288, Avg Loss: 0.0000, Epsilon: 0.2059, Lr: 0.000950, Act Interval: 15
2025-03-28 23:06:48,862 - INFO - Episode 16/200: Total Reward: -35.0217, Avg Loss: 0.0000, Epsilon: 0.1853, Lr: 0.000950, Act Interval: 15
2025-03-28 23:06:48,874 - INFO - Episode 17/200: Total Reward: -39.2699, Avg Loss: 0.0000, Epsilon: 0.1668, Lr: 0.000950, Act Interval: 14
2025-03-28 23:06:48,887 - INFO - Episode 18/200: Total Reward: -35.5374, Avg Loss: 0.0000, Epsilon: 0.1501, Lr: 0.000950, Act Interval: 14
2025-03-28 23:06:48,899 - INFO - Episode 19/200: Total Reward: -33.8280, Avg Loss: 0.0000, Epsilon: 0.1351, Lr: 0.000950, Act Interval: 14
2025-03-28 23:06:48,912 - INFO - Episode 20/200: Total Reward: -39.2699, Avg Loss: 0.0000, Epsilon: 0.1216, Lr: 0.000950, Act Interval: 14
2025-03-28 23:06:49,111 - INFO - Episode 21/200: Total Reward: -33.6947, Avg Loss: 0.0119, Epsilon: 0.1094, Lr: 0.000902, Act Interval: 13
2025-03-28 23:06:49,393 - INFO - Episode 22/200: Total Reward: -7.1416, Avg Loss: 0.0021, Epsilon: 0.0985, Lr: 0.000902, Act Interval: 13
2025-03-28 23:06:49,630 - INFO - Episode 23/200: Total Reward: 3.8233, Avg Loss: 0.0016, Epsilon: 0.0886, Lr: 0.000902, Act Interval: 13
2025-03-28 23:06:49,921 - INFO - Episode 24/200: Total Reward: -7.5828, Avg Loss: 0.0017, Epsilon: 0.0798, Lr: 0.000902, Act Interval: 13
2025-03-28 23:06:50,161 - INFO - Episode 25/200: Total Reward: -10.0047, Avg Loss: 0.0015, Epsilon: 0.0718, Lr: 0.000902, Act Interval: 12
2025-03-28 23:06:50,403 - INFO - Episode 26/200: Total Reward: 8.3597, Avg Loss: 0.0015, Epsilon: 0.0646, Lr: 0.000902, Act Interval: 12
2025-03-28 23:06:50,682 - INFO - Episode 27/200: Total Reward: -0.5056, Avg Loss: 0.0015, Epsilon: 0.0581, Lr: 0.000902, Act Interval: 12
2025-03-28 23:06:50,908 - INFO - Episode 28/200: Total Reward: 3.6742, Avg Loss: 0.0017, Epsilon: 0.0523, Lr: 0.000902, Act Interval: 12
2025-03-28 23:06:51,154 - INFO - Episode 29/200: Total Reward: 6.5934, Avg Loss: 0.0016, Epsilon: 0.0471, Lr: 0.000902, Act Interval: 11
2025-03-28 23:06:51,460 - INFO - Episode 30/200: Total Reward: 7.2531, Avg Loss: 0.0026, Epsilon: 0.0424, Lr: 0.000902, Act Interval: 11
2025-03-28 23:06:51,714 - INFO - Episode 31/200: Total Reward: 6.7394, Avg Loss: 0.0035, Epsilon: 0.0382, Lr: 0.000857, Act Interval: 11
2025-03-28 23:06:52,013 - INFO - Episode 32/200: Total Reward: 4.7870, Avg Loss: 0.0042, Epsilon: 0.0343, Lr: 0.000857, Act Interval: 11
2025-03-28 23:06:52,267 - INFO - Episode 33/200: Total Reward: 9.9710, Avg Loss: 0.0051, Epsilon: 0.0309, Lr: 0.000857, Act Interval: 10
2025-03-28 23:06:52,522 - INFO - Episode 34/200: Total Reward: 6.2196, Avg Loss: 0.0059, Epsilon: 0.0278, Lr: 0.000857, Act Interval: 10
2025-03-28 23:06:52,830 - INFO - Episode 35/200: Total Reward: -12.7903, Avg Loss: 0.0060, Epsilon: 0.0250, Lr: 0.000857, Act Interval: 10
2025-03-28 23:06:53,091 - INFO - Episode 36/200: Total Reward: 4.3602, Avg Loss: 0.0061, Epsilon: 0.0225, Lr: 0.000857, Act Interval: 10
2025-03-28 23:06:53,353 - INFO - Episode 37/200: Total Reward: 7.6755, Avg Loss: 0.0062, Epsilon: 0.0203, Lr: 0.000857, Act Interval: 10
2025-03-28 23:06:53,669 - INFO - Episode 38/200: Total Reward: -0.6016, Avg Loss: 0.0067, Epsilon: 0.0182, Lr: 0.000857, Act Interval: 9
2025-03-28 23:06:53,935 - INFO - Episode 39/200: Total Reward: 13.2647, Avg Loss: 0.0073, Epsilon: 0.0164, Lr: 0.000857, Act Interval: 9
2025-03-28 23:06:54,242 - INFO - Episode 40/200: Total Reward: 13.1679, Avg Loss: 0.0066, Epsilon: 0.0148, Lr: 0.000857, Act Interval: 9
2025-03-28 23:06:54,506 - INFO - Episode 41/200: Total Reward: 9.0364, Avg Loss: 0.0078, Epsilon: 0.0133, Lr: 0.000815, Act Interval: 9
2025-03-28 23:06:54,784 - INFO - Episode 42/200: Total Reward: 5.2553, Avg Loss: 0.0082, Epsilon: 0.0120, Lr: 0.000815, Act Interval: 9
2025-03-28 23:06:55,108 - INFO - Episode 43/200: Total Reward: -5.5843, Avg Loss: 0.0082, Epsilon: 0.0108, Lr: 0.000815, Act Interval: 9
2025-03-28 23:06:55,388 - INFO - Episode 44/200: Total Reward: 8.4115, Avg Loss: 0.0082, Epsilon: 0.0097, Lr: 0.000815, Act Interval: 8
2025-03-28 23:06:55,662 - INFO - Episode 45/200: Total Reward: 2.5673, Avg Loss: 0.0073, Epsilon: 0.0087, Lr: 0.000815, Act Interval: 8
2025-03-28 23:06:55,992 - INFO - Episode 46/200: Total Reward: 18.7202, Avg Loss: 0.0075, Epsilon: 0.0079, Lr: 0.000815, Act Interval: 8
2025-03-28 23:06:56,273 - INFO - Episode 47/200: Total Reward: 13.1066, Avg Loss: 0.0079, Epsilon: 0.0071, Lr: 0.000815, Act Interval: 8
2025-03-28 23:06:56,603 - INFO - Episode 48/200: Total Reward: 14.7458, Avg Loss: 0.0079, Epsilon: 0.0064, Lr: 0.000815, Act Interval: 8
2025-03-28 23:06:56,861 - INFO - Episode 49/200: Total Reward: 14.2080, Avg Loss: 0.0072, Epsilon: 0.0057, Lr: 0.000815, Act Interval: 8
2025-03-28 23:06:57,119 - INFO - Episode 50/200: Total Reward: 14.1320, Avg Loss: 0.0074, Epsilon: 0.0052, Lr: 0.000815, Act Interval: 7
2025-03-28 23:06:57,120 - INFO - Checkpoint saved at episode 50, file: D:\Projects\RL_course\homework1\checkpoints\Pendulum_DQN_20250328_230648\checkpoint_50.pth
2025-03-28 23:06:57,436 - INFO - Episode 51/200: Total Reward: 16.0855, Avg Loss: 0.0087, Epsilon: 0.0046, Lr: 0.000774, Act Interval: 7
2025-03-28 23:06:57,720 - INFO - Episode 52/200: Total Reward: 19.4740, Avg Loss: 0.0084, Epsilon: 0.0042, Lr: 0.000774, Act Interval: 7
2025-03-28 23:06:57,991 - INFO - Episode 53/200: Total Reward: 20.8585, Avg Loss: 0.0090, Epsilon: 0.0038, Lr: 0.000774, Act Interval: 7
2025-03-28 23:06:58,315 - INFO - Episode 54/200: Total Reward: 12.4779, Avg Loss: 0.0081, Epsilon: 0.0034, Lr: 0.000774, Act Interval: 7
2025-03-28 23:06:58,594 - INFO - Episode 55/200: Total Reward: 20.1388, Avg Loss: 0.0085, Epsilon: 0.0030, Lr: 0.000774, Act Interval: 7
2025-03-28 23:06:58,926 - INFO - Episode 56/200: Total Reward: 16.9803, Avg Loss: 0.0080, Epsilon: 0.0027, Lr: 0.000774, Act Interval: 7
2025-03-28 23:06:59,215 - INFO - Episode 57/200: Total Reward: 20.9972, Avg Loss: 0.0080, Epsilon: 0.0025, Lr: 0.000774, Act Interval: 6
2025-03-28 23:06:59,509 - INFO - Episode 58/200: Total Reward: 24.6712, Avg Loss: 0.0093, Epsilon: 0.0022, Lr: 0.000774, Act Interval: 6
2025-03-28 23:06:59,853 - INFO - Episode 59/200: Total Reward: 34.9231, Avg Loss: 0.0098, Epsilon: 0.0020, Lr: 0.000774, Act Interval: 6
2025-03-28 23:07:00,152 - INFO - Episode 60/200: Total Reward: 42.8014, Avg Loss: 0.0094, Epsilon: 0.0018, Lr: 0.000774, Act Interval: 6
2025-03-28 23:07:00,450 - INFO - Episode 61/200: Total Reward: 57.2296, Avg Loss: 0.0091, Epsilon: 0.0016, Lr: 0.000735, Act Interval: 6
2025-03-28 23:07:00,807 - INFO - Episode 62/200: Total Reward: 56.6430, Avg Loss: 0.0089, Epsilon: 0.0015, Lr: 0.000735, Act Interval: 6
2025-03-28 23:07:01,110 - INFO - Episode 63/200: Total Reward: 58.1257, Avg Loss: 0.0103, Epsilon: 0.0013, Lr: 0.000735, Act Interval: 6
2025-03-28 23:07:01,469 - INFO - Episode 64/200: Total Reward: 62.4516, Avg Loss: 0.0101, Epsilon: 0.0012, Lr: 0.000735, Act Interval: 6
2025-03-28 23:07:01,798 - INFO - Episode 65/200: Total Reward: 68.4823, Avg Loss: 0.0101, Epsilon: 0.0011, Lr: 0.000735, Act Interval: 5
2025-03-28 23:07:02,129 - INFO - Episode 66/200: Total Reward: 68.7044, Avg Loss: 0.0107, Epsilon: 0.0010, Lr: 0.000735, Act Interval: 5
2025-03-28 23:07:02,507 - INFO - Episode 67/200: Total Reward: 64.8243, Avg Loss: 0.0101, Epsilon: 0.0009, Lr: 0.000735, Act Interval: 5
2025-03-28 23:07:02,822 - INFO - Episode 68/200: Total Reward: 59.7007, Avg Loss: 0.0097, Epsilon: 0.0008, Lr: 0.000735, Act Interval: 5
2025-03-28 23:07:03,152 - INFO - Episode 69/200: Total Reward: 65.9208, Avg Loss: 0.0103, Epsilon: 0.0007, Lr: 0.000735, Act Interval: 5
2025-03-28 23:07:03,534 - INFO - Episode 70/200: Total Reward: 72.5477, Avg Loss: 0.0103, Epsilon: 0.0006, Lr: 0.000735, Act Interval: 5
2025-03-28 23:07:03,873 - INFO - Episode 71/200: Total Reward: 66.6418, Avg Loss: 0.0106, Epsilon: 0.0006, Lr: 0.000698, Act Interval: 5
2025-03-28 23:07:04,260 - INFO - Episode 72/200: Total Reward: 62.6546, Avg Loss: 0.0116, Epsilon: 0.0005, Lr: 0.000698, Act Interval: 5
2025-03-28 23:07:04,597 - INFO - Episode 73/200: Total Reward: 75.0554, Avg Loss: 0.0127, Epsilon: 0.0005, Lr: 0.000698, Act Interval: 5
2025-03-28 23:07:04,939 - INFO - Episode 74/200: Total Reward: 78.9132, Avg Loss: 0.0119, Epsilon: 0.0004, Lr: 0.000698, Act Interval: 5
2025-03-28 23:07:05,345 - INFO - Episode 75/200: Total Reward: 62.4362, Avg Loss: 0.0122, Epsilon: 0.0004, Lr: 0.000698, Act Interval: 4
2025-03-28 23:07:05,717 - INFO - Episode 76/200: Total Reward: 76.7340, Avg Loss: 0.0135, Epsilon: 0.0003, Lr: 0.000698, Act Interval: 4
2025-03-28 23:07:06,094 - INFO - Episode 77/200: Total Reward: 79.9555, Avg Loss: 0.0138, Epsilon: 0.0003, Lr: 0.000698, Act Interval: 4
2025-03-28 23:07:06,541 - INFO - Episode 78/200: Total Reward: 79.7265, Avg Loss: 0.0135, Epsilon: 0.0003, Lr: 0.000698, Act Interval: 4
2025-03-28 23:07:06,923 - INFO - Episode 79/200: Total Reward: 80.1071, Avg Loss: 0.0142, Epsilon: 0.0002, Lr: 0.000698, Act Interval: 4
2025-03-28 23:07:07,363 - INFO - Episode 80/200: Total Reward: 83.0184, Avg Loss: 0.0136, Epsilon: 0.0002, Lr: 0.000698, Act Interval: 4
2025-03-28 23:07:07,746 - INFO - Episode 81/200: Total Reward: 82.9306, Avg Loss: 0.0139, Epsilon: 0.0002, Lr: 0.000663, Act Interval: 4
2025-03-28 23:07:08,131 - INFO - Episode 82/200: Total Reward: 82.5652, Avg Loss: 0.0144, Epsilon: 0.0002, Lr: 0.000663, Act Interval: 4
2025-03-28 23:07:08,576 - INFO - Episode 83/200: Total Reward: 89.0446, Avg Loss: 0.0148, Epsilon: 0.0002, Lr: 0.000663, Act Interval: 4
2025-03-28 23:07:08,960 - INFO - Episode 84/200: Total Reward: 88.2257, Avg Loss: 0.0152, Epsilon: 0.0001, Lr: 0.000663, Act Interval: 4
2025-03-28 23:07:09,341 - INFO - Episode 85/200: Total Reward: 85.3003, Avg Loss: 0.0154, Epsilon: 0.0001, Lr: 0.000663, Act Interval: 4
2025-03-28 23:07:09,778 - INFO - Episode 86/200: Total Reward: 89.9557, Avg Loss: 0.0169, Epsilon: 0.0001, Lr: 0.000663, Act Interval: 4
2025-03-28 23:07:10,161 - INFO - Episode 87/200: Total Reward: 89.7856, Avg Loss: 0.0156, Epsilon: 0.0001, Lr: 0.000663, Act Interval: 4
2025-03-28 23:07:10,619 - INFO - Episode 88/200: Total Reward: 88.4650, Avg Loss: 0.0160, Epsilon: 0.0001, Lr: 0.000663, Act Interval: 3
2025-03-28 23:07:11,021 - INFO - Episode 89/200: Total Reward: 86.8809, Avg Loss: 0.0151, Epsilon: 0.0001, Lr: 0.000663, Act Interval: 3
2025-03-28 23:07:11,428 - INFO - Episode 90/200: Total Reward: 93.2577, Avg Loss: 0.0164, Epsilon: 0.0001, Lr: 0.000663, Act Interval: 3
2025-03-28 23:07:11,919 - INFO - Episode 91/200: Total Reward: 93.2618, Avg Loss: 0.0167, Epsilon: 0.0001, Lr: 0.000630, Act Interval: 3
2025-03-28 23:07:12,357 - INFO - Episode 92/200: Total Reward: 93.0383, Avg Loss: 0.0173, Epsilon: 0.0001, Lr: 0.000630, Act Interval: 3
2025-03-28 23:07:12,811 - INFO - Episode 93/200: Total Reward: 88.8369, Avg Loss: 0.0178, Epsilon: 0.0001, Lr: 0.000630, Act Interval: 3
2025-03-28 23:07:13,304 - INFO - Episode 94/200: Total Reward: 89.5055, Avg Loss: 0.0179, Epsilon: 0.0001, Lr: 0.000630, Act Interval: 3
2025-03-28 23:07:13,737 - INFO - Episode 95/200: Total Reward: 96.8150, Avg Loss: 0.0184, Epsilon: 0.0001, Lr: 0.000630, Act Interval: 3
2025-03-28 23:07:14,238 - INFO - Episode 96/200: Total Reward: 94.4753, Avg Loss: 0.0185, Epsilon: 0.0001, Lr: 0.000630, Act Interval: 3
2025-03-28 23:07:14,679 - INFO - Episode 97/200: Total Reward: 95.6847, Avg Loss: 0.0189, Epsilon: 0.0001, Lr: 0.000630, Act Interval: 3
2025-03-28 23:07:15,121 - INFO - Episode 98/200: Total Reward: 97.5749, Avg Loss: 0.0188, Epsilon: 0.0001, Lr: 0.000630, Act Interval: 3
2025-03-28 23:07:15,619 - INFO - Episode 99/200: Total Reward: 101.1850, Avg Loss: 0.0217, Epsilon: 0.0001, Lr: 0.000630, Act Interval: 3
2025-03-28 23:07:16,065 - INFO - Episode 100/200: Total Reward: 103.3755, Avg Loss: 0.0186, Epsilon: 0.0001, Lr: 0.000630, Act Interval: 3
2025-03-28 23:07:16,077 - INFO - Checkpoint saved at episode 100, file: D:\Projects\RL_course\homework1\checkpoints\Pendulum_DQN_20250328_230648\checkpoint_100.pth
2025-03-28 23:07:16,545 - INFO - Episode 101/200: Total Reward: 102.6561, Avg Loss: 0.0196, Epsilon: 0.0001, Lr: 0.000599, Act Interval: 3
2025-03-28 23:07:17,028 - INFO - Episode 102/200: Total Reward: 98.2263, Avg Loss: 0.0201, Epsilon: 0.0001, Lr: 0.000599, Act Interval: 3
2025-03-28 23:07:17,451 - INFO - Episode 103/200: Total Reward: 97.6543, Avg Loss: 0.0202, Epsilon: 0.0001, Lr: 0.000599, Act Interval: 3
2025-03-28 23:07:17,943 - INFO - Episode 104/200: Total Reward: 99.7729, Avg Loss: 0.0207, Epsilon: 0.0001, Lr: 0.000599, Act Interval: 2
2025-03-28 23:07:18,389 - INFO - Episode 105/200: Total Reward: 100.0315, Avg Loss: 0.0184, Epsilon: 0.0001, Lr: 0.000599, Act Interval: 2
2025-03-28 23:07:18,846 - INFO - Episode 106/200: Total Reward: 99.7970, Avg Loss: 0.0191, Epsilon: 0.0001, Lr: 0.000599, Act Interval: 2
2025-03-28 23:07:19,348 - INFO - Episode 107/200: Total Reward: 100.8319, Avg Loss: 0.0180, Epsilon: 0.0001, Lr: 0.000599, Act Interval: 2
2025-03-28 23:07:19,808 - INFO - Episode 108/200: Total Reward: 100.7201, Avg Loss: 0.0211, Epsilon: 0.0001, Lr: 0.000599, Act Interval: 2
2025-03-28 23:07:20,266 - INFO - Episode 109/200: Total Reward: 100.8325, Avg Loss: 0.0196, Epsilon: 0.0001, Lr: 0.000599, Act Interval: 2
2025-03-28 23:07:20,781 - INFO - Episode 110/200: Total Reward: 101.2238, Avg Loss: 0.0216, Epsilon: 0.0001, Lr: 0.000599, Act Interval: 2
2025-03-28 23:07:21,250 - INFO - Episode 111/200: Total Reward: 101.5532, Avg Loss: 0.0215, Epsilon: 0.0001, Lr: 0.000569, Act Interval: 2
2025-03-28 23:07:21,764 - INFO - Episode 112/200: Total Reward: 101.9911, Avg Loss: 0.0217, Epsilon: 0.0001, Lr: 0.000569, Act Interval: 2
2025-03-28 23:07:22,239 - INFO - Episode 113/200: Total Reward: 102.4060, Avg Loss: 0.0214, Epsilon: 0.0001, Lr: 0.000569, Act Interval: 2
2025-03-28 23:07:22,715 - INFO - Episode 114/200: Total Reward: 103.1387, Avg Loss: 0.0190, Epsilon: 0.0001, Lr: 0.000569, Act Interval: 2
2025-03-28 23:07:23,230 - INFO - Episode 115/200: Total Reward: 102.8909, Avg Loss: 0.0213, Epsilon: 0.0001, Lr: 0.000569, Act Interval: 2
2025-03-28 23:07:23,690 - INFO - Episode 116/200: Total Reward: 102.9994, Avg Loss: 0.0219, Epsilon: 0.0001, Lr: 0.000569, Act Interval: 2
2025-03-28 23:07:24,197 - INFO - Episode 117/200: Total Reward: 102.5242, Avg Loss: 0.0207, Epsilon: 0.0001, Lr: 0.000569, Act Interval: 2
2025-03-28 23:07:24,659 - INFO - Episode 118/200: Total Reward: 103.4099, Avg Loss: 0.0214, Epsilon: 0.0001, Lr: 0.000569, Act Interval: 2
2025-03-28 23:07:25,136 - INFO - Episode 119/200: Total Reward: 103.7131, Avg Loss: 0.0224, Epsilon: 0.0001, Lr: 0.000569, Act Interval: 2
2025-03-28 23:07:25,649 - INFO - Episode 120/200: Total Reward: 103.6002, Avg Loss: 0.0223, Epsilon: 0.0001, Lr: 0.000569, Act Interval: 2
2025-03-28 23:07:26,101 - INFO - Episode 121/200: Total Reward: 93.6845, Avg Loss: 0.0210, Epsilon: 0.0001, Lr: 0.000540, Act Interval: 2
2025-03-28 23:07:26,589 - INFO - Episode 122/200: Total Reward: 79.7777, Avg Loss: 0.0214, Epsilon: 0.0001, Lr: 0.000540, Act Interval: 2
2025-03-28 23:07:27,105 - INFO - Episode 123/200: Total Reward: 91.1859, Avg Loss: 0.0228, Epsilon: 0.0001, Lr: 0.000540, Act Interval: 2
2025-03-28 23:07:27,566 - INFO - Episode 124/200: Total Reward: 95.3518, Avg Loss: 0.0212, Epsilon: 0.0001, Lr: 0.000540, Act Interval: 2
2025-03-28 23:07:28,077 - INFO - Episode 125/200: Total Reward: 90.4778, Avg Loss: 0.0220, Epsilon: 0.0001, Lr: 0.000540, Act Interval: 2
2025-03-28 23:07:28,534 - INFO - Episode 126/200: Total Reward: 87.2387, Avg Loss: 0.0202, Epsilon: 0.0001, Lr: 0.000540, Act Interval: 2
2025-03-28 23:07:28,994 - INFO - Episode 127/200: Total Reward: 94.9245, Avg Loss: 0.0230, Epsilon: 0.0001, Lr: 0.000540, Act Interval: 2
2025-03-28 23:07:29,497 - INFO - Episode 128/200: Total Reward: 95.7676, Avg Loss: 0.0215, Epsilon: 0.0001, Lr: 0.000540, Act Interval: 2
2025-03-28 23:07:29,960 - INFO - Episode 129/200: Total Reward: 101.0678, Avg Loss: 0.0232, Epsilon: 0.0001, Lr: 0.000540, Act Interval: 2
2025-03-28 23:07:30,473 - INFO - Episode 130/200: Total Reward: 104.7598, Avg Loss: 0.0214, Epsilon: 0.0001, Lr: 0.000540, Act Interval: 1
2025-03-28 23:07:31,053 - INFO - Episode 131/200: Total Reward: 107.5633, Avg Loss: 0.0231, Epsilon: 0.0001, Lr: 0.000513, Act Interval: 1
2025-03-28 23:07:31,607 - INFO - Episode 132/200: Total Reward: 102.9808, Avg Loss: 0.0221, Epsilon: 0.0001, Lr: 0.000513, Act Interval: 1
2025-03-28 23:07:32,196 - INFO - Episode 133/200: Total Reward: 106.7115, Avg Loss: 0.0235, Epsilon: 0.0001, Lr: 0.000513, Act Interval: 1
2025-03-28 23:07:32,786 - INFO - Episode 134/200: Total Reward: 103.5329, Avg Loss: 0.0223, Epsilon: 0.0001, Lr: 0.000513, Act Interval: 1
2025-03-28 23:07:33,349 - INFO - Episode 135/200: Total Reward: 103.7445, Avg Loss: 0.0199, Epsilon: 0.0001, Lr: 0.000513, Act Interval: 1
2025-03-28 23:07:33,966 - INFO - Episode 136/200: Total Reward: 104.4306, Avg Loss: 0.0218, Epsilon: 0.0001, Lr: 0.000513, Act Interval: 1
2025-03-28 23:07:34,550 - INFO - Episode 137/200: Total Reward: 101.6527, Avg Loss: 0.0227, Epsilon: 0.0001, Lr: 0.000513, Act Interval: 1
2025-03-28 23:07:35,134 - INFO - Episode 138/200: Total Reward: 103.8735, Avg Loss: 0.0196, Epsilon: 0.0001, Lr: 0.000513, Act Interval: 1
2025-03-28 23:07:35,789 - INFO - Episode 139/200: Total Reward: 101.8693, Avg Loss: 0.0213, Epsilon: 0.0001, Lr: 0.000513, Act Interval: 1
2025-03-28 23:07:36,377 - INFO - Episode 140/200: Total Reward: 103.0504, Avg Loss: 0.0234, Epsilon: 0.0001, Lr: 0.000513, Act Interval: 1
2025-03-28 23:07:36,993 - INFO - Episode 141/200: Total Reward: 102.8033, Avg Loss: 0.0214, Epsilon: 0.0001, Lr: 0.000488, Act Interval: 1
2025-03-28 23:07:37,553 - INFO - Episode 142/200: Total Reward: 101.4162, Avg Loss: 0.0222, Epsilon: 0.0001, Lr: 0.000488, Act Interval: 1
2025-03-28 23:07:38,105 - INFO - Episode 143/200: Total Reward: 100.4023, Avg Loss: 0.0217, Epsilon: 0.0001, Lr: 0.000488, Act Interval: 1
2025-03-28 23:07:38,703 - INFO - Episode 144/200: Total Reward: 101.4050, Avg Loss: 0.0222, Epsilon: 0.0001, Lr: 0.000488, Act Interval: 1
2025-03-28 23:07:39,267 - INFO - Episode 145/200: Total Reward: 99.3464, Avg Loss: 0.0228, Epsilon: 0.0001, Lr: 0.000488, Act Interval: 1
2025-03-28 23:07:39,830 - INFO - Episode 146/200: Total Reward: 100.7269, Avg Loss: 0.0230, Epsilon: 0.0001, Lr: 0.000488, Act Interval: 1
2025-03-28 23:07:40,441 - INFO - Episode 147/200: Total Reward: 100.3276, Avg Loss: 0.0224, Epsilon: 0.0001, Lr: 0.000488, Act Interval: 1
2025-03-28 23:07:41,006 - INFO - Episode 148/200: Total Reward: 100.0733, Avg Loss: 0.0211, Epsilon: 0.0001, Lr: 0.000488, Act Interval: 1
2025-03-28 23:07:41,624 - INFO - Episode 149/200: Total Reward: 98.2774, Avg Loss: 0.0231, Epsilon: 0.0001, Lr: 0.000488, Act Interval: 1
2025-03-28 23:07:42,179 - INFO - Episode 150/200: Total Reward: 97.9566, Avg Loss: 0.0223, Epsilon: 0.0001, Lr: 0.000488, Act Interval: 1
2025-03-28 23:07:42,181 - INFO - Checkpoint saved at episode 150, file: D:\Projects\RL_course\homework1\checkpoints\Pendulum_DQN_20250328_230648\checkpoint_150.pth
2025-03-28 23:07:42,785 - INFO - Episode 151/200: Total Reward: 100.3631, Avg Loss: 0.0205, Epsilon: 0.0001, Lr: 0.000463, Act Interval: 1
2025-03-28 23:07:43,423 - INFO - Episode 152/200: Total Reward: 98.3650, Avg Loss: 0.0229, Epsilon: 0.0001, Lr: 0.000463, Act Interval: 1
2025-03-28 23:07:43,992 - INFO - Episode 153/200: Total Reward: 56.7048, Avg Loss: 0.0219, Epsilon: 0.0001, Lr: 0.000463, Act Interval: 1
2025-03-28 23:07:44,563 - INFO - Episode 154/200: Total Reward: 101.6239, Avg Loss: 0.0227, Epsilon: 0.0001, Lr: 0.000463, Act Interval: 1
2025-03-28 23:07:45,179 - INFO - Episode 155/200: Total Reward: -22.2836, Avg Loss: 0.0223, Epsilon: 0.0001, Lr: 0.000463, Act Interval: 1
2025-03-28 23:07:45,737 - INFO - Episode 156/200: Total Reward: 101.9663, Avg Loss: 0.0219, Epsilon: 0.0001, Lr: 0.000463, Act Interval: 1
2025-03-28 23:07:46,335 - INFO - Episode 157/200: Total Reward: 101.2774, Avg Loss: 0.0229, Epsilon: 0.0001, Lr: 0.000463, Act Interval: 1
2025-03-28 23:07:46,915 - INFO - Episode 158/200: Total Reward: 101.6189, Avg Loss: 0.0224, Epsilon: 0.0001, Lr: 0.000463, Act Interval: 1
2025-03-28 23:07:47,481 - INFO - Episode 159/200: Total Reward: 99.6313, Avg Loss: 0.0229, Epsilon: 0.0001, Lr: 0.000463, Act Interval: 1
2025-03-28 23:07:48,086 - INFO - Episode 160/200: Total Reward: 100.9592, Avg Loss: 0.0243, Epsilon: 0.0001, Lr: 0.000463, Act Interval: 1
2025-03-28 23:07:48,639 - INFO - Episode 161/200: Total Reward: 100.8579, Avg Loss: 0.0232, Epsilon: 0.0001, Lr: 0.000440, Act Interval: 1
2025-03-28 23:07:49,194 - INFO - Episode 162/200: Total Reward: 101.9637, Avg Loss: 0.0214, Epsilon: 0.0001, Lr: 0.000440, Act Interval: 1
2025-03-28 23:07:49,823 - INFO - Episode 163/200: Total Reward: 103.7312, Avg Loss: 0.0219, Epsilon: 0.0001, Lr: 0.000440, Act Interval: 1
2025-03-28 23:07:50,366 - INFO - Episode 164/200: Total Reward: 104.0646, Avg Loss: 0.0233, Epsilon: 0.0001, Lr: 0.000440, Act Interval: 1
2025-03-28 23:07:50,969 - INFO - Episode 165/200: Total Reward: 104.1124, Avg Loss: 0.0222, Epsilon: 0.0001, Lr: 0.000440, Act Interval: 1
2025-03-28 23:07:51,549 - INFO - Episode 166/200: Total Reward: 104.7503, Avg Loss: 0.0230, Epsilon: 0.0001, Lr: 0.000440, Act Interval: 1
2025-03-28 23:07:52,156 - INFO - Episode 167/200: Total Reward: 104.8972, Avg Loss: 0.0233, Epsilon: 0.0001, Lr: 0.000440, Act Interval: 1
2025-03-28 23:07:52,821 - INFO - Episode 168/200: Total Reward: 102.2132, Avg Loss: 0.0218, Epsilon: 0.0001, Lr: 0.000440, Act Interval: 1
2025-03-28 23:07:53,443 - INFO - Episode 169/200: Total Reward: 107.6767, Avg Loss: 0.0219, Epsilon: 0.0001, Lr: 0.000440, Act Interval: 1
2025-03-28 23:07:54,097 - INFO - Episode 170/200: Total Reward: 99.4493, Avg Loss: 0.0237, Epsilon: 0.0001, Lr: 0.000440, Act Interval: 1
2025-03-28 23:07:54,755 - INFO - Episode 171/200: Total Reward: 106.4351, Avg Loss: 0.0237, Epsilon: 0.0001, Lr: 0.000418, Act Interval: 1
2025-03-28 23:07:55,344 - INFO - Episode 172/200: Total Reward: 108.3166, Avg Loss: 0.0206, Epsilon: 0.0001, Lr: 0.000418, Act Interval: 1
2025-03-28 23:07:55,991 - INFO - Episode 173/200: Total Reward: 109.6635, Avg Loss: 0.0228, Epsilon: 0.0001, Lr: 0.000418, Act Interval: 1
2025-03-28 23:07:56,602 - INFO - Episode 174/200: Total Reward: 110.0254, Avg Loss: 0.0215, Epsilon: 0.0001, Lr: 0.000418, Act Interval: 1
2025-03-28 23:07:57,174 - INFO - Episode 175/200: Total Reward: 105.5067, Avg Loss: 0.0217, Epsilon: 0.0001, Lr: 0.000418, Act Interval: 1
2025-03-28 23:07:57,813 - INFO - Episode 176/200: Total Reward: 109.7870, Avg Loss: 0.0210, Epsilon: 0.0001, Lr: 0.000418, Act Interval: 1
2025-03-28 23:07:58,390 - INFO - Episode 177/200: Total Reward: 101.8911, Avg Loss: 0.0236, Epsilon: 0.0001, Lr: 0.000418, Act Interval: 1
2025-03-28 23:07:58,975 - INFO - Episode 178/200: Total Reward: 103.6597, Avg Loss: 0.0236, Epsilon: 0.0001, Lr: 0.000418, Act Interval: 1
2025-03-28 23:07:59,618 - INFO - Episode 179/200: Total Reward: 107.9217, Avg Loss: 0.0229, Epsilon: 0.0001, Lr: 0.000418, Act Interval: 1
2025-03-28 23:08:00,199 - INFO - Episode 180/200: Total Reward: 110.1709, Avg Loss: 0.0205, Epsilon: 0.0001, Lr: 0.000418, Act Interval: 1
2025-03-28 23:08:00,836 - INFO - Episode 181/200: Total Reward: 104.0558, Avg Loss: 0.0215, Epsilon: 0.0001, Lr: 0.000397, Act Interval: 1
2025-03-28 23:08:01,415 - INFO - Episode 182/200: Total Reward: 104.6945, Avg Loss: 0.0215, Epsilon: 0.0001, Lr: 0.000397, Act Interval: 1
2025-03-28 23:08:01,999 - INFO - Episode 183/200: Total Reward: 103.6665, Avg Loss: 0.0219, Epsilon: 0.0001, Lr: 0.000397, Act Interval: 1
2025-03-28 23:08:02,636 - INFO - Episode 184/200: Total Reward: 106.4519, Avg Loss: 0.0223, Epsilon: 0.0001, Lr: 0.000397, Act Interval: 1
2025-03-28 23:08:03,216 - INFO - Episode 185/200: Total Reward: 102.5457, Avg Loss: 0.0236, Epsilon: 0.0001, Lr: 0.000397, Act Interval: 1
2025-03-28 23:08:03,815 - INFO - Episode 186/200: Total Reward: 102.6702, Avg Loss: 0.0214, Epsilon: 0.0001, Lr: 0.000397, Act Interval: 1
2025-03-28 23:08:04,460 - INFO - Episode 187/200: Total Reward: 109.2226, Avg Loss: 0.0235, Epsilon: 0.0001, Lr: 0.000397, Act Interval: 1
2025-03-28 23:08:05,025 - INFO - Episode 188/200: Total Reward: 102.9524, Avg Loss: 0.0228, Epsilon: 0.0001, Lr: 0.000397, Act Interval: 1
2025-03-28 23:08:05,667 - INFO - Episode 189/200: Total Reward: 103.8205, Avg Loss: 0.0238, Epsilon: 0.0001, Lr: 0.000397, Act Interval: 1
2025-03-28 23:08:06,228 - INFO - Episode 190/200: Total Reward: 103.1786, Avg Loss: 0.0219, Epsilon: 0.0001, Lr: 0.000397, Act Interval: 1
2025-03-28 23:08:06,805 - INFO - Episode 191/200: Total Reward: 104.3278, Avg Loss: 0.0210, Epsilon: 0.0001, Lr: 0.000377, Act Interval: 1
2025-03-28 23:08:07,425 - INFO - Episode 192/200: Total Reward: 102.5637, Avg Loss: 0.0214, Epsilon: 0.0001, Lr: 0.000377, Act Interval: 1
2025-03-28 23:08:07,985 - INFO - Episode 193/200: Total Reward: 104.5752, Avg Loss: 0.0239, Epsilon: 0.0001, Lr: 0.000377, Act Interval: 1
2025-03-28 23:08:08,555 - INFO - Episode 194/200: Total Reward: 104.7853, Avg Loss: 0.0229, Epsilon: 0.0001, Lr: 0.000377, Act Interval: 1
2025-03-28 23:08:09,171 - INFO - Episode 195/200: Total Reward: 104.5597, Avg Loss: 0.0227, Epsilon: 0.0001, Lr: 0.000377, Act Interval: 1
2025-03-28 23:08:09,735 - INFO - Episode 196/200: Total Reward: 105.9050, Avg Loss: 0.0245, Epsilon: 0.0001, Lr: 0.000377, Act Interval: 1
2025-03-28 23:08:10,373 - INFO - Episode 197/200: Total Reward: 106.0217, Avg Loss: 0.0236, Epsilon: 0.0001, Lr: 0.000377, Act Interval: 1
2025-03-28 23:08:10,929 - INFO - Episode 198/200: Total Reward: 105.1502, Avg Loss: 0.0223, Epsilon: 0.0001, Lr: 0.000377, Act Interval: 1
2025-03-28 23:08:11,524 - INFO - Episode 199/200: Total Reward: 105.4368, Avg Loss: 0.0246, Epsilon: 0.0001, Lr: 0.000377, Act Interval: 1
2025-03-28 23:08:12,191 - INFO - Episode 200/200: Total Reward: 108.6851, Avg Loss: 0.0202, Epsilon: 0.0001, Lr: 0.000377, Act Interval: 1
2025-03-28 23:08:12,192 - INFO - Checkpoint saved at episode 200, file: D:\Projects\RL_course\homework1\checkpoints\Pendulum_DQN_20250328_230648\checkpoint_200.pth
2025-03-28 23:08:12,192 - INFO - Training completed.
